[0m[[0mdebug[0m] [0mRunning TaskDef(wikipedia.WikipediaSuite, org.scalatest.tools.Framework$$anon$1@334e285c, false, [SuiteSelector])[0m
[0m[[0minfo[0m] [0m[36mRun completed in 566 milliseconds.[0m[0m
[0m[[0minfo[0m] [0m[36mTotal number of tests run: 5[0m[0m
[0m[[0minfo[0m] [0m[36mSuites: completed 0, aborted 1[0m[0m
[0m[[0minfo[0m] [0m[36mTests: succeeded 0, failed 5, canceled 0, ignored 0, pending 0[0m[0m
[0m[[0minfo[0m] [0m[31m*** 1 SUITE ABORTED ***[0m[0m
[0m[[0minfo[0m] [0m[31m*** 5 TESTS FAILED ***[0m[0m
[0m[[31merror[0m] [0mError during tests:[0m
[0m[[31merror[0m] [0m	wikipedia.WikipediaSuite[0m
[0m[[31merror[0m] [0m(test:[31mtest[0m) sbt.TestsFailedException: Tests unsuccessful[0m
